D:\GoogleDrive\CPC_CODE\TpiEvaluation\TpiEvaluation\ClientApp\dist\out-tsc\e2e\src\app.po.js
D:\GoogleDrive\CPC_CODE\TpiEvaluation\TpiEvaluation\ClientApp\dist\out-tsc\e2e\src\app.po.js.map
D:\GoogleDrive\CPC_CODE\TpiEvaluation\TpiEvaluation\ClientApp\dist\out-tsc\e2e\src\app.e2e-spec.js
D:\GoogleDrive\CPC_CODE\TpiEvaluation\TpiEvaluation\ClientApp\dist\out-tsc\e2e\src\app.e2e-spec.js.map
D:\GoogleDrive\CPC_CODE\TpiEvaluation\TpiEvaluation\ClientApp\dist\out-tsc\src\app\error\page-not-found\page-not-found.component.js
D:\GoogleDrive\CPC_CODE\TpiEvaluation\TpiEvaluation\ClientApp\dist\out-tsc\src\app\error\page-not-found\page-not-found.component.js.map
D:\GoogleDrive\CPC_CODE\TpiEvaluation\TpiEvaluation\ClientApp\dist\out-tsc\src\app\header\header\header.component.js
D:\GoogleDrive\CPC_CODE\TpiEvaluation\TpiEvaluation\ClientApp\dist\out-tsc\src\app\header\header\header.component.js.map
D:\GoogleDrive\CPC_CODE\TpiEvaluation\TpiEvaluation\ClientApp\dist\out-tsc\src\app\app.service.js
D:\GoogleDrive\CPC_CODE\TpiEvaluation\TpiEvaluation\ClientApp\dist\out-tsc\src\app\app.service.js.map
D:\GoogleDrive\CPC_CODE\TpiEvaluation\TpiEvaluation\ClientApp\dist\out-tsc\src\app\dashboard\dashboard.component.js
D:\GoogleDrive\CPC_CODE\TpiEvaluation\TpiEvaluation\ClientApp\dist\out-tsc\src\app\dashboard\dashboard.component.js.map
D:\GoogleDrive\CPC_CODE\TpiEvaluation\TpiEvaluation\ClientApp\dist\out-tsc\src\app\dashboard\dashboard-routing.module.js
D:\GoogleDrive\CPC_CODE\TpiEvaluation\TpiEvaluation\ClientApp\dist\out-tsc\src\app\dashboard\dashboard-routing.module.js.map
D:\GoogleDrive\CPC_CODE\TpiEvaluation\TpiEvaluation\ClientApp\dist\out-tsc\src\app\dashboard\dashboard.module.js
D:\GoogleDrive\CPC_CODE\TpiEvaluation\TpiEvaluation\ClientApp\dist\out-tsc\src\app\dashboard\dashboard.module.js.map
D:\GoogleDrive\CPC_CODE\TpiEvaluation\TpiEvaluation\ClientApp\dist\out-tsc\src\app\backstage\backstage.component.js
D:\GoogleDrive\CPC_CODE\TpiEvaluation\TpiEvaluation\ClientApp\dist\out-tsc\src\app\backstage\backstage.component.js.map
D:\GoogleDrive\CPC_CODE\TpiEvaluation\TpiEvaluation\ClientApp\dist\out-tsc\src\app\ol\ol.service.js
D:\GoogleDrive\CPC_CODE\TpiEvaluation\TpiEvaluation\ClientApp\dist\out-tsc\src\app\ol\ol.service.js.map
D:\GoogleDrive\CPC_CODE\TpiEvaluation\TpiEvaluation\ClientApp\dist\out-tsc\src\app\ol\ol-base\ol-base.component.js
D:\GoogleDrive\CPC_CODE\TpiEvaluation\TpiEvaluation\ClientApp\dist\out-tsc\src\app\ol\ol-base\ol-base.component.js.map
D:\GoogleDrive\CPC_CODE\TpiEvaluation\TpiEvaluation\ClientApp\dist\out-tsc\src\app\backstage\editor-map\editor-map.component.js
D:\GoogleDrive\CPC_CODE\TpiEvaluation\TpiEvaluation\ClientApp\dist\out-tsc\src\app\backstage\editor-map\editor-map.component.js.map
D:\GoogleDrive\CPC_CODE\TpiEvaluation\TpiEvaluation\ClientApp\dist\out-tsc\src\app\backstage\backstage-routing.module.js
D:\GoogleDrive\CPC_CODE\TpiEvaluation\TpiEvaluation\ClientApp\dist\out-tsc\src\app\backstage\backstage-routing.module.js.map
D:\GoogleDrive\CPC_CODE\TpiEvaluation\TpiEvaluation\ClientApp\dist\out-tsc\src\app\ol\ol.module.js
D:\GoogleDrive\CPC_CODE\TpiEvaluation\TpiEvaluation\ClientApp\dist\out-tsc\src\app\ol\ol.module.js.map
D:\GoogleDrive\CPC_CODE\TpiEvaluation\TpiEvaluation\ClientApp\dist\out-tsc\src\app\common\kt-tool.js
D:\GoogleDrive\CPC_CODE\TpiEvaluation\TpiEvaluation\ClientApp\dist\out-tsc\src\app\common\kt-tool.js.map
D:\GoogleDrive\CPC_CODE\TpiEvaluation\TpiEvaluation\ClientApp\dist\out-tsc\src\app\backstage\add-task\add-task.component.js
D:\GoogleDrive\CPC_CODE\TpiEvaluation\TpiEvaluation\ClientApp\dist\out-tsc\src\app\backstage\add-task\add-task.component.js.map
D:\GoogleDrive\CPC_CODE\TpiEvaluation\TpiEvaluation\ClientApp\dist\out-tsc\src\app\backstage\events-in-task\events-in-task.component.js
D:\GoogleDrive\CPC_CODE\TpiEvaluation\TpiEvaluation\ClientApp\dist\out-tsc\src\app\backstage\events-in-task\events-in-task.component.js.map
D:\GoogleDrive\CPC_CODE\TpiEvaluation\TpiEvaluation\ClientApp\dist\out-tsc\src\app\ng-material\ng-material.module.js
D:\GoogleDrive\CPC_CODE\TpiEvaluation\TpiEvaluation\ClientApp\dist\out-tsc\src\app\ng-material\ng-material.module.js.map
D:\GoogleDrive\CPC_CODE\TpiEvaluation\TpiEvaluation\ClientApp\dist\out-tsc\src\app\backstage\backstage.module.js
D:\GoogleDrive\CPC_CODE\TpiEvaluation\TpiEvaluation\ClientApp\dist\out-tsc\src\app\backstage\backstage.module.js.map
D:\GoogleDrive\CPC_CODE\TpiEvaluation\TpiEvaluation\ClientApp\dist\out-tsc\src\app\app-routing.module.js
D:\GoogleDrive\CPC_CODE\TpiEvaluation\TpiEvaluation\ClientApp\dist\out-tsc\src\app\app-routing.module.js.map
D:\GoogleDrive\CPC_CODE\TpiEvaluation\TpiEvaluation\ClientApp\dist\out-tsc\src\app\app.component.js
D:\GoogleDrive\CPC_CODE\TpiEvaluation\TpiEvaluation\ClientApp\dist\out-tsc\src\app\app.component.js.map
D:\GoogleDrive\CPC_CODE\TpiEvaluation\TpiEvaluation\ClientApp\dist\out-tsc\src\app\header\header-mobile\header-mobile.component.js
D:\GoogleDrive\CPC_CODE\TpiEvaluation\TpiEvaluation\ClientApp\dist\out-tsc\src\app\header\header-mobile\header-mobile.component.js.map
D:\GoogleDrive\CPC_CODE\TpiEvaluation\TpiEvaluation\ClientApp\dist\out-tsc\src\app\app.module.js
D:\GoogleDrive\CPC_CODE\TpiEvaluation\TpiEvaluation\ClientApp\dist\out-tsc\src\app\app.module.js.map
D:\GoogleDrive\CPC_CODE\TpiEvaluation\TpiEvaluation\ClientApp\dist\out-tsc\src\environments\environment.js
D:\GoogleDrive\CPC_CODE\TpiEvaluation\TpiEvaluation\ClientApp\dist\out-tsc\src\environments\environment.js.map
D:\GoogleDrive\CPC_CODE\TpiEvaluation\TpiEvaluation\ClientApp\dist\out-tsc\src\main.js
D:\GoogleDrive\CPC_CODE\TpiEvaluation\TpiEvaluation\ClientApp\dist\out-tsc\src\main.js.map
D:\GoogleDrive\CPC_CODE\TpiEvaluation\TpiEvaluation\ClientApp\dist\out-tsc\src\polyfills.js
D:\GoogleDrive\CPC_CODE\TpiEvaluation\TpiEvaluation\ClientApp\dist\out-tsc\src\polyfills.js.map
D:\GoogleDrive\CPC_CODE\TpiEvaluation\TpiEvaluation\ClientApp\dist\out-tsc\src\test.js
D:\GoogleDrive\CPC_CODE\TpiEvaluation\TpiEvaluation\ClientApp\dist\out-tsc\src\test.js.map
D:\GoogleDrive\CPC_CODE\TpiEvaluation\TpiEvaluation\ClientApp\dist\out-tsc\src\app\app.component.spec.js
D:\GoogleDrive\CPC_CODE\TpiEvaluation\TpiEvaluation\ClientApp\dist\out-tsc\src\app\app.component.spec.js.map
D:\GoogleDrive\CPC_CODE\TpiEvaluation\TpiEvaluation\ClientApp\dist\out-tsc\src\app\app.service.spec.js
D:\GoogleDrive\CPC_CODE\TpiEvaluation\TpiEvaluation\ClientApp\dist\out-tsc\src\app\app.service.spec.js.map
D:\GoogleDrive\CPC_CODE\TpiEvaluation\TpiEvaluation\ClientApp\dist\out-tsc\src\app\backstage\backstage.component.spec.js
D:\GoogleDrive\CPC_CODE\TpiEvaluation\TpiEvaluation\ClientApp\dist\out-tsc\src\app\backstage\backstage.component.spec.js.map
D:\GoogleDrive\CPC_CODE\TpiEvaluation\TpiEvaluation\ClientApp\dist\out-tsc\src\app\backstage\backstage.service.js
D:\GoogleDrive\CPC_CODE\TpiEvaluation\TpiEvaluation\ClientApp\dist\out-tsc\src\app\backstage\backstage.service.js.map
D:\GoogleDrive\CPC_CODE\TpiEvaluation\TpiEvaluation\ClientApp\dist\out-tsc\src\app\backstage\backstage.service.spec.js
D:\GoogleDrive\CPC_CODE\TpiEvaluation\TpiEvaluation\ClientApp\dist\out-tsc\src\app\backstage\backstage.service.spec.js.map
D:\GoogleDrive\CPC_CODE\TpiEvaluation\TpiEvaluation\ClientApp\dist\out-tsc\src\app\backstage\add-task\add-task.component.spec.js
D:\GoogleDrive\CPC_CODE\TpiEvaluation\TpiEvaluation\ClientApp\dist\out-tsc\src\app\backstage\add-task\add-task.component.spec.js.map
D:\GoogleDrive\CPC_CODE\TpiEvaluation\TpiEvaluation\ClientApp\dist\out-tsc\src\app\backstage\editor-map\editor-map.component.spec.js
D:\GoogleDrive\CPC_CODE\TpiEvaluation\TpiEvaluation\ClientApp\dist\out-tsc\src\app\backstage\editor-map\editor-map.component.spec.js.map
D:\GoogleDrive\CPC_CODE\TpiEvaluation\TpiEvaluation\ClientApp\dist\out-tsc\src\app\backstage\events-in-task\events-in-task.component.spec.js
D:\GoogleDrive\CPC_CODE\TpiEvaluation\TpiEvaluation\ClientApp\dist\out-tsc\src\app\backstage\events-in-task\events-in-task.component.spec.js.map
D:\GoogleDrive\CPC_CODE\TpiEvaluation\TpiEvaluation\ClientApp\dist\out-tsc\src\app\dashboard\dashboard.component.spec.js
D:\GoogleDrive\CPC_CODE\TpiEvaluation\TpiEvaluation\ClientApp\dist\out-tsc\src\app\dashboard\dashboard.component.spec.js.map
D:\GoogleDrive\CPC_CODE\TpiEvaluation\TpiEvaluation\ClientApp\dist\out-tsc\src\app\error\page-not-found\page-not-found.component.spec.js
D:\GoogleDrive\CPC_CODE\TpiEvaluation\TpiEvaluation\ClientApp\dist\out-tsc\src\app\error\page-not-found\page-not-found.component.spec.js.map
D:\GoogleDrive\CPC_CODE\TpiEvaluation\TpiEvaluation\ClientApp\dist\out-tsc\src\app\header\header\header.component.spec.js
D:\GoogleDrive\CPC_CODE\TpiEvaluation\TpiEvaluation\ClientApp\dist\out-tsc\src\app\header\header\header.component.spec.js.map
D:\GoogleDrive\CPC_CODE\TpiEvaluation\TpiEvaluation\ClientApp\dist\out-tsc\src\app\header\header-mobile\header-mobile.component.spec.js
D:\GoogleDrive\CPC_CODE\TpiEvaluation\TpiEvaluation\ClientApp\dist\out-tsc\src\app\header\header-mobile\header-mobile.component.spec.js.map
D:\GoogleDrive\CPC_CODE\TpiEvaluation\TpiEvaluation\ClientApp\dist\out-tsc\src\app\ol\ol.service.spec.js
D:\GoogleDrive\CPC_CODE\TpiEvaluation\TpiEvaluation\ClientApp\dist\out-tsc\src\app\ol\ol.service.spec.js.map
D:\GoogleDrive\CPC_CODE\TpiEvaluation\TpiEvaluation\ClientApp\dist\out-tsc\src\app\ol\ol-base\ol-base.component.spec.js
D:\GoogleDrive\CPC_CODE\TpiEvaluation\TpiEvaluation\ClientApp\dist\out-tsc\src\app\ol\ol-base\ol-base.component.spec.js.map
D:\GoogleDrive\CPC_CODE\TpiEvaluation\TpiEvaluation\ClientApp\dist\out-tsc\src\environments\environment.prod.js
D:\GoogleDrive\CPC_CODE\TpiEvaluation\TpiEvaluation\ClientApp\dist\out-tsc\src\environments\environment.prod.js.map
